
===========================================================================
 report_power
============================================================================
======================= Fastest Corner ===================================

Group                  Internal  Switching    Leakage      Total
                          Power      Power      Power      Power (Watts)
----------------------------------------------------------------
Sequential             1.14e-03   5.77e-06   2.76e-06   1.15e-03  17.2%
Combinational          3.56e-03   2.00e-03   6.92e-07   5.56e-03  82.8%
Macro                  0.00e+00   0.00e+00   0.00e+00   0.00e+00   0.0%
Pad                    0.00e+00   0.00e+00   0.00e+00   0.00e+00   0.0%
----------------------------------------------------------------
Total                  4.70e-03   2.01e-03   3.45e-06   6.71e-03 100.0%
                          70.1%      29.9%       0.1%

======================= Slowest Corner ===================================

Group                  Internal  Switching    Leakage      Total
                          Power      Power      Power      Power (Watts)
----------------------------------------------------------------
Sequential             7.61e-04   3.65e-06   1.10e-05   7.76e-04  16.9%
Combinational          2.42e-03   1.32e-03   8.01e-05   3.83e-03  83.1%
Macro                  0.00e+00   0.00e+00   0.00e+00   0.00e+00   0.0%
Pad                    0.00e+00   0.00e+00   0.00e+00   0.00e+00   0.0%
----------------------------------------------------------------
Total                  3.18e-03   1.33e-03   9.11e-05   4.60e-03 100.0%
                          69.2%      28.8%       2.0%

======================= Typical Corner ===================================

Group                  Internal  Switching    Leakage      Total
                          Power      Power      Power      Power (Watts)
----------------------------------------------------------------
Sequential             9.83e-04   4.76e-06   2.76e-06   9.91e-04  17.4%
Combinational          3.03e-03   1.69e-03   5.52e-07   4.72e-03  82.6%
Macro                  0.00e+00   0.00e+00   0.00e+00   0.00e+00   0.0%
Pad                    0.00e+00   0.00e+00   0.00e+00   0.00e+00   0.0%
----------------------------------------------------------------
Total                  4.01e-03   1.69e-03   3.31e-06   5.71e-03 100.0%
                          70.3%      29.7%       0.1%

