1.  vssa2 (driver: port vssa2)
2.  vdda2 (driver: port vdda2)
3.  vssa1 (driver: port vssa1)
4.  vdda1 (driver: port vdda1)
5.  vssd2 (driver: port vssd2)
6.  vccd2 (driver: port vccd2)
7.  gpio_analog[17] (driver: port gpio_analog[17])
8.  gpio_analog[16] (driver: port gpio_analog[16])
9.  gpio_analog[15] (driver: port gpio_analog[15])
10.  gpio_analog[14] (driver: port gpio_analog[14])
11.  gpio_analog[13] (driver: port gpio_analog[13])
12.  gpio_analog[12] (driver: port gpio_analog[12])
13.  gpio_analog[11] (driver: port gpio_analog[11])
14.  gpio_analog[10] (driver: port gpio_analog[10])
15.  gpio_analog[9] (driver: port gpio_analog[9])
16.  gpio_analog[8] (driver: port gpio_analog[8])
17.  gpio_analog[7] (driver: port gpio_analog[7])
18.  gpio_analog[6] (driver: port gpio_analog[6])
19.  gpio_analog[5] (driver: port gpio_analog[5])
20.  gpio_analog[4] (driver: port gpio_analog[4])
21.  gpio_analog[3] (driver: port gpio_analog[3])
22.  gpio_analog[2] (driver: port gpio_analog[2])
23.  gpio_analog[1] (driver: port gpio_analog[1])
24.  gpio_analog[0] (driver: port gpio_analog[0])
25.  gpio_noesd[17] (driver: port gpio_noesd[17])
26.  gpio_noesd[16] (driver: port gpio_noesd[16])
27.  gpio_noesd[15] (driver: port gpio_noesd[15])
28.  gpio_noesd[14] (driver: port gpio_noesd[14])
29.  gpio_noesd[13] (driver: port gpio_noesd[13])
30.  gpio_noesd[12] (driver: port gpio_noesd[12])
31.  gpio_noesd[11] (driver: port gpio_noesd[11])
32.  gpio_noesd[10] (driver: port gpio_noesd[10])
33.  gpio_noesd[9] (driver: port gpio_noesd[9])
34.  gpio_noesd[8] (driver: port gpio_noesd[8])
35.  gpio_noesd[7] (driver: port gpio_noesd[7])
36.  gpio_noesd[6] (driver: port gpio_noesd[6])
37.  gpio_noesd[5] (driver: port gpio_noesd[5])
38.  gpio_noesd[4] (driver: port gpio_noesd[4])
39.  gpio_noesd[3] (driver: port gpio_noesd[3])
40.  gpio_noesd[2] (driver: port gpio_noesd[2])
41.  gpio_noesd[1] (driver: port gpio_noesd[1])
42.  gpio_noesd[0] (driver: port gpio_noesd[0])
43.  io_analog[10] (driver: port io_analog[10])
44.  io_analog[9] (driver: port io_analog[9])
45.  io_analog[8] (driver: port io_analog[8])
46.  io_analog[7] (driver: port io_analog[7])
47.  io_analog[6] (driver: port io_analog[6])
48.  io_analog[5] (driver: port io_analog[5])
49.  io_analog[4] (driver: port io_analog[4])
50.  io_analog[3] (driver: port io_analog[3])
51.  io_analog[2] (driver: port io_analog[2])
52.  io_analog[1] (driver: port io_analog[1])
53.  io_analog[0] (driver: port io_analog[0])
54.  io_clamp_high[2] (driver: port io_clamp_high[2])
55.  io_clamp_high[1] (driver: port io_clamp_high[1])
56.  io_clamp_high[0] (driver: port io_clamp_high[0])
57.  io_clamp_low[2] (driver: port io_clamp_low[2])
58.  io_clamp_low[1] (driver: port io_clamp_low[1])
59.  io_clamp_low[0] (driver: port io_clamp_low[0])
60.  io_in_3v3[26] (driver: port io_in_3v3[26])
61.  io_in_3v3[25] (driver: port io_in_3v3[25])
62.  io_in_3v3[24] (driver: port io_in_3v3[24])
63.  io_in_3v3[23] (driver: port io_in_3v3[23])
64.  io_in_3v3[22] (driver: port io_in_3v3[22])
65.  io_in_3v3[21] (driver: port io_in_3v3[21])
66.  io_in_3v3[20] (driver: port io_in_3v3[20])
67.  io_in_3v3[19] (driver: port io_in_3v3[19])
68.  io_in_3v3[18] (driver: port io_in_3v3[18])
69.  io_in_3v3[17] (driver: port io_in_3v3[17])
70.  io_in_3v3[16] (driver: port io_in_3v3[16])
71.  io_in_3v3[15] (driver: port io_in_3v3[15])
72.  io_in_3v3[14] (driver: port io_in_3v3[14])
73.  io_in_3v3[13] (driver: port io_in_3v3[13])
74.  io_in_3v3[12] (driver: port io_in_3v3[12])
75.  io_in_3v3[11] (driver: port io_in_3v3[11])
76.  io_in_3v3[10] (driver: port io_in_3v3[10])
77.  io_in_3v3[9] (driver: port io_in_3v3[9])
78.  io_in_3v3[8] (driver: port io_in_3v3[8])
79.  io_in_3v3[7] (driver: port io_in_3v3[7])
80.  io_in_3v3[6] (driver: port io_in_3v3[6])
81.  io_in_3v3[5] (driver: port io_in_3v3[5])
82.  io_in_3v3[4] (driver: port io_in_3v3[4])
83.  io_in_3v3[3] (driver: port io_in_3v3[3])
84.  io_in_3v3[2] (driver: port io_in_3v3[2])
85.  io_in_3v3[1] (driver: port io_in_3v3[1])
86.  io_in_3v3[0] (driver: port io_in_3v3[0])
87.  buf_i_q[0] (driver: pin i_FF[0]/Q)
88.  buf_i_q[100] (driver: pin i_FF[100]/Q)
89.  buf_i_q[101] (driver: pin i_FF[101]/Q)
90.  buf_i_q[102] (driver: pin i_FF[102]/Q)
91.  buf_i_q[103] (driver: pin i_FF[103]/Q)
92.  buf_i_q[104] (driver: pin i_FF[104]/Q)
93.  buf_i_q[105] (driver: pin i_FF[105]/Q)
94.  buf_i_q[106] (driver: pin i_FF[106]/Q)
95.  buf_i_q[107] (driver: pin i_FF[107]/Q)
96.  buf_i_q[108] (driver: pin i_FF[108]/Q)
97.  buf_i_q[109] (driver: pin i_FF[109]/Q)
98.  buf_i_q[10] (driver: pin i_FF[10]/Q)
99.  buf_i_q[110] (driver: pin i_FF[110]/Q)
100.  buf_i_q[111] (driver: pin i_FF[111]/Q)
101.  buf_i_q[112] (driver: pin i_FF[112]/Q)
102.  buf_i_q[113] (driver: pin i_FF[113]/Q)
103.  buf_i_q[114] (driver: pin i_FF[114]/Q)
104.  buf_i_q[115] (driver: pin i_FF[115]/Q)
105.  buf_i_q[116] (driver: pin i_FF[116]/Q)
106.  buf_i_q[117] (driver: pin i_FF[117]/Q)
107.  buf_i_q[118] (driver: pin i_FF[118]/Q)
108.  buf_i_q[119] (driver: pin i_FF[119]/Q)
109.  buf_i_q[11] (driver: pin i_FF[11]/Q)
110.  buf_i_q[120] (driver: pin i_FF[120]/Q)
111.  buf_i_q[121] (driver: pin i_FF[121]/Q)
112.  buf_i_q[122] (driver: pin i_FF[122]/Q)
113.  buf_i_q[123] (driver: pin i_FF[123]/Q)
114.  buf_i_q[124] (driver: pin i_FF[124]/Q)
115.  buf_i_q[125] (driver: pin i_FF[125]/Q)
116.  buf_i_q[126] (driver: pin i_FF[126]/Q)
117.  buf_i_q[127] (driver: pin i_FF[127]/Q)
118.  buf_i_q[128] (driver: pin i_FF[128]/Q)
119.  buf_i_q[129] (driver: pin i_FF[129]/Q)
120.  buf_i_q[12] (driver: pin i_FF[12]/Q)
121.  buf_i_q[130] (driver: pin i_FF[130]/Q)
122.  buf_i_q[131] (driver: pin i_FF[131]/Q)
123.  buf_i_q[132] (driver: pin i_FF[132]/Q)
124.  buf_i_q[133] (driver: pin i_FF[133]/Q)
125.  buf_i_q[134] (driver: pin i_FF[134]/Q)
126.  buf_i_q[135] (driver: pin i_FF[135]/Q)
127.  buf_i_q[136] (driver: pin i_FF[136]/Q)
128.  buf_i_q[137] (driver: pin i_FF[137]/Q)
129.  buf_i_q[138] (driver: pin i_FF[138]/Q)
130.  buf_i_q[139] (driver: pin i_FF[139]/Q)
131.  buf_i_q[13] (driver: pin i_FF[13]/Q)
132.  buf_i_q[140] (driver: pin i_FF[140]/Q)
133.  buf_i_q[141] (driver: pin i_FF[141]/Q)
134.  buf_i_q[142] (driver: pin i_FF[142]/Q)
135.  buf_i_q[143] (driver: pin i_FF[143]/Q)
136.  buf_i_q[144] (driver: pin i_FF[144]/Q)
137.  buf_i_q[145] (driver: pin i_FF[145]/Q)
138.  buf_i_q[146] (driver: pin i_FF[146]/Q)
139.  buf_i_q[147] (driver: pin i_FF[147]/Q)
140.  buf_i_q[148] (driver: pin i_FF[148]/Q)
141.  buf_i_q[149] (driver: pin i_FF[149]/Q)
142.  buf_i_q[14] (driver: pin i_FF[14]/Q)
143.  buf_i_q[150] (driver: pin i_FF[150]/Q)
144.  buf_i_q[151] (driver: pin i_FF[151]/Q)
145.  buf_i_q[152] (driver: pin i_FF[152]/Q)
146.  buf_i_q[153] (driver: pin i_FF[153]/Q)
147.  buf_i_q[154] (driver: pin i_FF[154]/Q)
148.  buf_i_q[155] (driver: pin i_FF[155]/Q)
149.  buf_i_q[156] (driver: pin i_FF[156]/Q)
150.  buf_i_q[157] (driver: pin i_FF[157]/Q)
151.  buf_i_q[158] (driver: pin i_FF[158]/Q)
152.  buf_i_q[159] (driver: pin i_FF[159]/Q)
153.  buf_i_q[15] (driver: pin i_FF[15]/Q)
154.  buf_i_q[160] (driver: pin i_FF[160]/Q)
155.  buf_i_q[161] (driver: pin i_FF[161]/Q)
156.  buf_i_q[162] (driver: pin i_FF[162]/Q)
157.  buf_i_q[163] (driver: pin i_FF[163]/Q)
158.  buf_i_q[164] (driver: pin i_FF[164]/Q)
159.  buf_i_q[165] (driver: pin i_FF[165]/Q)
160.  buf_i_q[166] (driver: pin i_FF[166]/Q)
161.  buf_i_q[167] (driver: pin i_FF[167]/Q)
162.  buf_i_q[168] (driver: pin i_FF[168]/Q)
163.  buf_i_q[169] (driver: pin i_FF[169]/Q)
164.  buf_i_q[16] (driver: pin i_FF[16]/Q)
165.  buf_i_q[170] (driver: pin i_FF[170]/Q)
166.  buf_i_q[171] (driver: pin i_FF[171]/Q)
167.  buf_i_q[172] (driver: pin i_FF[172]/Q)
168.  buf_i_q[173] (driver: pin i_FF[173]/Q)
169.  buf_i_q[174] (driver: pin i_FF[174]/Q)
170.  buf_i_q[175] (driver: pin i_FF[175]/Q)
171.  buf_i_q[176] (driver: pin i_FF[176]/Q)
172.  buf_i_q[177] (driver: pin i_FF[177]/Q)
173.  buf_i_q[178] (driver: pin i_FF[178]/Q)
174.  buf_i_q[179] (driver: pin i_FF[179]/Q)
175.  buf_i_q[17] (driver: pin i_FF[17]/Q)
176.  buf_i_q[180] (driver: pin i_FF[180]/Q)
177.  buf_i_q[181] (driver: pin i_FF[181]/Q)
178.  buf_i_q[182] (driver: pin i_FF[182]/Q)
179.  buf_i_q[183] (driver: pin i_FF[183]/Q)
180.  buf_i_q[184] (driver: pin i_FF[184]/Q)
181.  buf_i_q[185] (driver: pin i_FF[185]/Q)
182.  buf_i_q[186] (driver: pin i_FF[186]/Q)
183.  buf_i_q[187] (driver: pin i_FF[187]/Q)
184.  buf_i_q[188] (driver: pin i_FF[188]/Q)
185.  buf_i_q[189] (driver: pin i_FF[189]/Q)
186.  buf_i_q[18] (driver: pin i_FF[18]/Q)
187.  buf_i_q[190] (driver: pin i_FF[190]/Q)
188.  buf_i_q[191] (driver: pin i_FF[191]/Q)
189.  buf_i_q[192] (driver: pin i_FF[192]/Q)
190.  buf_i_q[193] (driver: pin i_FF[193]/Q)
191.  buf_i_q[194] (driver: pin i_FF[194]/Q)
192.  buf_i_q[195] (driver: pin i_FF[195]/Q)
193.  buf_i_q[196] (driver: pin i_FF[196]/Q)
194.  buf_i_q[197] (driver: pin i_FF[197]/Q)
195.  buf_i_q[198] (driver: pin i_FF[198]/Q)
196.  buf_i_q[199] (driver: pin i_FF[199]/Q)
197.  buf_i_q[19] (driver: pin i_FF[19]/Q)
198.  buf_i_q[1] (driver: pin i_FF[1]/Q)
199.  buf_i_q[200] (driver: pin i_FF[200]/Q)
200.  buf_i_q[201] (driver: pin i_FF[201]/Q)
201.  buf_i_q[202] (driver: pin i_FF[202]/Q)
202.  buf_i_q[203] (driver: pin i_FF[203]/Q)
203.  buf_i_q[204] (driver: pin i_FF[204]/Q)
204.  buf_i_q[205] (driver: pin i_FF[205]/Q)
205.  buf_i_q[206] (driver: pin i_FF[206]/Q)
206.  buf_i_q[207] (driver: pin i_FF[207]/Q)
207.  buf_i_q[208] (driver: pin i_FF[208]/Q)
208.  buf_i_q[209] (driver: pin i_FF[209]/Q)
209.  buf_i_q[20] (driver: pin i_FF[20]/Q)
210.  buf_i_q[210] (driver: pin i_FF[210]/Q)
211.  buf_i_q[211] (driver: pin i_FF[211]/Q)
212.  buf_i_q[212] (driver: pin i_FF[212]/Q)
213.  buf_i_q[213] (driver: pin i_FF[213]/Q)
214.  buf_i_q[214] (driver: pin i_FF[214]/Q)
215.  buf_i_q[215] (driver: pin i_FF[215]/Q)
216.  buf_i_q[216] (driver: pin i_FF[216]/Q)
217.  buf_i_q[217] (driver: pin i_FF[217]/Q)
218.  buf_i_q[218] (driver: pin i_FF[218]/Q)
219.  buf_i_q[219] (driver: pin i_FF[219]/Q)
220.  buf_i_q[21] (driver: pin i_FF[21]/Q)
221.  buf_i_q[220] (driver: pin i_FF[220]/Q)
222.  buf_i_q[221] (driver: pin i_FF[221]/Q)
223.  buf_i_q[222] (driver: pin i_FF[222]/Q)
224.  buf_i_q[223] (driver: pin i_FF[223]/Q)
225.  buf_i_q[224] (driver: pin i_FF[224]/Q)
226.  buf_i_q[225] (driver: pin i_FF[225]/Q)
227.  buf_i_q[226] (driver: pin i_FF[226]/Q)
228.  buf_i_q[227] (driver: pin i_FF[227]/Q)
229.  buf_i_q[228] (driver: pin i_FF[228]/Q)
230.  buf_i_q[229] (driver: pin i_FF[229]/Q)
231.  buf_i_q[22] (driver: pin i_FF[22]/Q)
232.  buf_i_q[230] (driver: pin i_FF[230]/Q)
233.  buf_i_q[231] (driver: pin i_FF[231]/Q)
234.  buf_i_q[232] (driver: pin i_FF[232]/Q)
235.  buf_i_q[233] (driver: pin i_FF[233]/Q)
236.  buf_i_q[234] (driver: pin i_FF[234]/Q)
237.  buf_i_q[235] (driver: pin i_FF[235]/Q)
238.  buf_i_q[236] (driver: pin i_FF[236]/Q)
239.  buf_i_q[237] (driver: pin i_FF[237]/Q)
240.  buf_i_q[238] (driver: pin i_FF[238]/Q)
241.  buf_i_q[239] (driver: pin i_FF[239]/Q)
242.  buf_i_q[23] (driver: pin i_FF[23]/Q)
243.  buf_i_q[240] (driver: pin i_FF[240]/Q)
244.  buf_i_q[241] (driver: pin i_FF[241]/Q)
245.  buf_i_q[242] (driver: pin i_FF[242]/Q)
246.  buf_i_q[243] (driver: pin i_FF[243]/Q)
247.  buf_i_q[244] (driver: pin i_FF[244]/Q)
248.  buf_i_q[245] (driver: pin i_FF[245]/Q)
249.  buf_i_q[246] (driver: pin i_FF[246]/Q)
250.  buf_i_q[247] (driver: pin i_FF[247]/Q)
251.  buf_i_q[248] (driver: pin i_FF[248]/Q)
252.  buf_i_q[249] (driver: pin i_FF[249]/Q)
253.  buf_i_q[24] (driver: pin i_FF[24]/Q)
254.  buf_i_q[250] (driver: pin i_FF[250]/Q)
255.  buf_i_q[251] (driver: pin i_FF[251]/Q)
256.  buf_i_q[252] (driver: pin i_FF[252]/Q)
257.  buf_i_q[253] (driver: pin i_FF[253]/Q)
258.  buf_i_q[254] (driver: pin i_FF[254]/Q)
259.  buf_i_q[255] (driver: pin i_FF[255]/Q)
260.  buf_i_q[256] (driver: pin i_FF[256]/Q)
261.  buf_i_q[257] (driver: pin i_FF[257]/Q)
262.  buf_i_q[258] (driver: pin i_FF[258]/Q)
263.  buf_i_q[259] (driver: pin i_FF[259]/Q)
264.  buf_i_q[25] (driver: pin i_FF[25]/Q)
265.  buf_i_q[260] (driver: pin i_FF[260]/Q)
266.  buf_i_q[261] (driver: pin i_FF[261]/Q)
267.  buf_i_q[262] (driver: pin i_FF[262]/Q)
268.  buf_i_q[263] (driver: pin i_FF[263]/Q)
269.  buf_i_q[264] (driver: pin i_FF[264]/Q)
270.  buf_i_q[265] (driver: pin i_FF[265]/Q)
271.  buf_i_q[266] (driver: pin i_FF[266]/Q)
272.  buf_i_q[267] (driver: pin i_FF[267]/Q)
273.  buf_i_q[268] (driver: pin i_FF[268]/Q)
274.  buf_i_q[269] (driver: pin i_FF[269]/Q)
275.  buf_i_q[26] (driver: pin i_FF[26]/Q)
276.  buf_i_q[270] (driver: pin i_FF[270]/Q)
277.  buf_i_q[271] (driver: pin i_FF[271]/Q)
278.  buf_i_q[272] (driver: pin i_FF[272]/Q)
279.  buf_i_q[273] (driver: pin i_FF[273]/Q)
280.  buf_i_q[274] (driver: pin i_FF[274]/Q)
281.  buf_i_q[275] (driver: pin i_FF[275]/Q)
282.  buf_i_q[276] (driver: pin i_FF[276]/Q)
283.  buf_i_q[277] (driver: pin i_FF[277]/Q)
284.  buf_i_q[278] (driver: pin i_FF[278]/Q)
285.  buf_i_q[279] (driver: pin i_FF[279]/Q)
286.  buf_i_q[27] (driver: pin i_FF[27]/Q)
287.  buf_i_q[280] (driver: pin i_FF[280]/Q)
288.  buf_i_q[281] (driver: pin i_FF[281]/Q)
289.  buf_i_q[282] (driver: pin i_FF[282]/Q)
290.  buf_i_q[283] (driver: pin i_FF[283]/Q)
291.  buf_i_q[284] (driver: pin i_FF[284]/Q)
292.  buf_i_q[285] (driver: pin i_FF[285]/Q)
293.  buf_i_q[286] (driver: pin i_FF[286]/Q)
294.  buf_i_q[287] (driver: pin i_FF[287]/Q)
295.  buf_i_q[288] (driver: pin i_FF[288]/Q)
296.  buf_i_q[289] (driver: pin i_FF[289]/Q)
297.  buf_i_q[28] (driver: pin i_FF[28]/Q)
298.  buf_i_q[290] (driver: pin i_FF[290]/Q)
299.  buf_i_q[291] (driver: pin i_FF[291]/Q)
300.  buf_i_q[292] (driver: pin i_FF[292]/Q)
301.  buf_i_q[293] (driver: pin i_FF[293]/Q)
302.  buf_i_q[294] (driver: pin i_FF[294]/Q)
303.  buf_i_q[295] (driver: pin i_FF[295]/Q)
304.  buf_i_q[296] (driver: pin i_FF[296]/Q)
305.  buf_i_q[297] (driver: pin i_FF[297]/Q)
306.  buf_i_q[298] (driver: pin i_FF[298]/Q)
307.  buf_i_q[299] (driver: pin i_FF[299]/Q)
308.  buf_i_q[29] (driver: pin i_FF[29]/Q)
309.  buf_i_q[2] (driver: pin i_FF[2]/Q)
310.  buf_i_q[300] (driver: pin i_FF[300]/Q)
311.  buf_i_q[301] (driver: pin i_FF[301]/Q)
312.  buf_i_q[302] (driver: pin i_FF[302]/Q)
313.  buf_i_q[303] (driver: pin i_FF[303]/Q)
314.  buf_i_q[304] (driver: pin i_FF[304]/Q)
315.  buf_i_q[305] (driver: pin i_FF[305]/Q)
316.  buf_i_q[306] (driver: pin i_FF[306]/Q)
317.  buf_i_q[307] (driver: pin i_FF[307]/Q)
318.  buf_i_q[308] (driver: pin i_FF[308]/Q)
319.  buf_i_q[309] (driver: pin i_FF[309]/Q)
320.  buf_i_q[30] (driver: pin i_FF[30]/Q)
321.  buf_i_q[310] (driver: pin i_FF[310]/Q)
322.  buf_i_q[311] (driver: pin i_FF[311]/Q)
323.  buf_i_q[312] (driver: pin i_FF[312]/Q)
324.  buf_i_q[313] (driver: pin i_FF[313]/Q)
325.  buf_i_q[314] (driver: pin i_FF[314]/Q)
326.  buf_i_q[315] (driver: pin i_FF[315]/Q)
327.  buf_i_q[316] (driver: pin i_FF[316]/Q)
328.  buf_i_q[317] (driver: pin i_FF[317]/Q)
329.  buf_i_q[318] (driver: pin i_FF[318]/Q)
330.  buf_i_q[319] (driver: pin i_FF[319]/Q)
331.  buf_i_q[31] (driver: pin i_FF[31]/Q)
332.  buf_i_q[320] (driver: pin i_FF[320]/Q)
333.  buf_i_q[321] (driver: pin i_FF[321]/Q)
334.  buf_i_q[322] (driver: pin i_FF[322]/Q)
335.  buf_i_q[323] (driver: pin i_FF[323]/Q)
336.  buf_i_q[324] (driver: pin i_FF[324]/Q)
337.  buf_i_q[325] (driver: pin i_FF[325]/Q)
338.  buf_i_q[326] (driver: pin i_FF[326]/Q)
339.  buf_i_q[327] (driver: pin i_FF[327]/Q)
340.  buf_i_q[328] (driver: pin i_FF[328]/Q)
341.  buf_i_q[329] (driver: pin i_FF[329]/Q)
342.  buf_i_q[32] (driver: pin i_FF[32]/Q)
343.  buf_i_q[330] (driver: pin i_FF[330]/Q)
344.  buf_i_q[331] (driver: pin i_FF[331]/Q)
345.  buf_i_q[332] (driver: pin i_FF[332]/Q)
346.  buf_i_q[333] (driver: pin i_FF[333]/Q)
347.  buf_i_q[334] (driver: pin i_FF[334]/Q)
348.  buf_i_q[335] (driver: pin i_FF[335]/Q)
349.  buf_i_q[336] (driver: pin i_FF[336]/Q)
350.  buf_i_q[337] (driver: pin i_FF[337]/Q)
351.  buf_i_q[338] (driver: pin i_FF[338]/Q)
352.  buf_i_q[339] (driver: pin i_FF[339]/Q)
353.  buf_i_q[33] (driver: pin i_FF[33]/Q)
354.  buf_i_q[340] (driver: pin i_FF[340]/Q)
355.  buf_i_q[341] (driver: pin i_FF[341]/Q)
356.  buf_i_q[342] (driver: pin i_FF[342]/Q)
357.  buf_i_q[343] (driver: pin i_FF[343]/Q)
358.  buf_i_q[344] (driver: pin i_FF[344]/Q)
359.  buf_i_q[345] (driver: pin i_FF[345]/Q)
360.  buf_i_q[346] (driver: pin i_FF[346]/Q)
361.  buf_i_q[347] (driver: pin i_FF[347]/Q)
362.  buf_i_q[348] (driver: pin i_FF[348]/Q)
363.  buf_i_q[349] (driver: pin i_FF[349]/Q)
364.  buf_i_q[34] (driver: pin i_FF[34]/Q)
365.  buf_i_q[350] (driver: pin i_FF[350]/Q)
366.  buf_i_q[351] (driver: pin i_FF[351]/Q)
367.  buf_i_q[352] (driver: pin i_FF[352]/Q)
368.  buf_i_q[353] (driver: pin i_FF[353]/Q)
369.  buf_i_q[35] (driver: pin i_FF[35]/Q)
370.  buf_i_q[36] (driver: pin i_FF[36]/Q)
371.  buf_i_q[37] (driver: pin i_FF[37]/Q)
372.  buf_i_q[38] (driver: pin i_FF[38]/Q)
373.  buf_i_q[39] (driver: pin i_FF[39]/Q)
374.  buf_i_q[3] (driver: pin i_FF[3]/Q)
375.  buf_i_q[40] (driver: pin i_FF[40]/Q)
376.  buf_i_q[41] (driver: pin i_FF[41]/Q)
377.  buf_i_q[42] (driver: pin i_FF[42]/Q)
378.  buf_i_q[43] (driver: pin i_FF[43]/Q)
379.  buf_i_q[44] (driver: pin i_FF[44]/Q)
380.  buf_i_q[45] (driver: pin i_FF[45]/Q)
381.  buf_i_q[46] (driver: pin i_FF[46]/Q)
382.  buf_i_q[47] (driver: pin i_FF[47]/Q)
383.  buf_i_q[48] (driver: pin i_FF[48]/Q)
384.  buf_i_q[49] (driver: pin i_FF[49]/Q)
385.  buf_i_q[4] (driver: pin i_FF[4]/Q)
386.  buf_i_q[50] (driver: pin i_FF[50]/Q)
387.  buf_i_q[51] (driver: pin i_FF[51]/Q)
388.  buf_i_q[52] (driver: pin i_FF[52]/Q)
389.  buf_i_q[53] (driver: pin i_FF[53]/Q)
390.  buf_i_q[54] (driver: pin i_FF[54]/Q)
391.  buf_i_q[55] (driver: pin i_FF[55]/Q)
392.  buf_i_q[56] (driver: pin i_FF[56]/Q)
393.  buf_i_q[57] (driver: pin i_FF[57]/Q)
394.  buf_i_q[58] (driver: pin i_FF[58]/Q)
395.  buf_i_q[59] (driver: pin i_FF[59]/Q)
396.  buf_i_q[5] (driver: pin i_FF[5]/Q)
397.  buf_i_q[60] (driver: pin i_FF[60]/Q)
398.  buf_i_q[61] (driver: pin i_FF[61]/Q)
399.  buf_i_q[62] (driver: pin i_FF[62]/Q)
400.  buf_i_q[63] (driver: pin i_FF[63]/Q)
401.  buf_i_q[64] (driver: pin i_FF[64]/Q)
402.  buf_i_q[65] (driver: pin i_FF[65]/Q)
403.  buf_i_q[66] (driver: pin i_FF[66]/Q)
404.  buf_i_q[67] (driver: pin i_FF[67]/Q)
405.  buf_i_q[68] (driver: pin i_FF[68]/Q)
406.  buf_i_q[69] (driver: pin i_FF[69]/Q)
407.  buf_i_q[6] (driver: pin i_FF[6]/Q)
408.  buf_i_q[70] (driver: pin i_FF[70]/Q)
409.  buf_i_q[71] (driver: pin i_FF[71]/Q)
410.  buf_i_q[72] (driver: pin i_FF[72]/Q)
411.  buf_i_q[73] (driver: pin i_FF[73]/Q)
412.  buf_i_q[74] (driver: pin i_FF[74]/Q)
413.  buf_i_q[75] (driver: pin i_FF[75]/Q)
414.  buf_i_q[76] (driver: pin i_FF[76]/Q)
415.  buf_i_q[77] (driver: pin i_FF[77]/Q)
416.  buf_i_q[78] (driver: pin i_FF[78]/Q)
417.  buf_i_q[79] (driver: pin i_FF[79]/Q)
418.  buf_i_q[7] (driver: pin i_FF[7]/Q)
419.  buf_i_q[80] (driver: pin i_FF[80]/Q)
420.  buf_i_q[81] (driver: pin i_FF[81]/Q)
421.  buf_i_q[82] (driver: pin i_FF[82]/Q)
422.  buf_i_q[83] (driver: pin i_FF[83]/Q)
423.  buf_i_q[84] (driver: pin i_FF[84]/Q)
424.  buf_i_q[85] (driver: pin i_FF[85]/Q)
425.  buf_i_q[86] (driver: pin i_FF[86]/Q)
426.  buf_i_q[87] (driver: pin i_FF[87]/Q)
427.  buf_i_q[88] (driver: pin i_FF[88]/Q)
428.  buf_i_q[89] (driver: pin i_FF[89]/Q)
429.  buf_i_q[8] (driver: pin i_FF[8]/Q)
430.  buf_i_q[90] (driver: pin i_FF[90]/Q)
431.  buf_i_q[91] (driver: pin i_FF[91]/Q)
432.  buf_i_q[92] (driver: pin i_FF[92]/Q)
433.  buf_i_q[93] (driver: pin i_FF[93]/Q)
434.  buf_i_q[94] (driver: pin i_FF[94]/Q)
435.  buf_i_q[95] (driver: pin i_FF[95]/Q)
436.  buf_i_q[96] (driver: pin i_FF[96]/Q)
437.  buf_i_q[97] (driver: pin i_FF[97]/Q)
438.  buf_i_q[98] (driver: pin i_FF[98]/Q)
439.  buf_i_q[99] (driver: pin i_FF[99]/Q)
440.  buf_i_q[9] (driver: pin i_FF[9]/Q)
441.  o_const[218] (driver: pin o_FF[218]/Q)
442.  o_const[219] (driver: pin o_FF[219]/Q)
443.  o_const[220] (driver: pin o_FF[220]/Q)
444.  o_const[221] (driver: pin o_FF[221]/Q)
445.  o_const[222] (driver: pin o_FF[222]/Q)
446.  o_const[223] (driver: pin o_FF[223]/Q)
447.  o_const[224] (driver: pin o_FF[224]/Q)
448.  o_const[225] (driver: pin o_FF[225]/Q)
449.  o_const[226] (driver: pin o_FF[226]/Q)
450.  o_const[227] (driver: pin o_FF[227]/Q)
451.  o_const[228] (driver: pin o_FF[228]/Q)
452.  user_clk2_test_q (driver: pin user_clk2_FF/Q)
****************************************
Report : annotated_parasitics
	-check
	-internal_nets
	-boundary_nets
	-list_not_annotated
	-max_nets 5000
Design : user_analog_project_wrapper
Version: T-2022.03-SP3
Date   : Mon May 22 03:08:32 2023
****************************************

                    |         |         |         |   RC    | Coupled |   Not   |
Net Type            |  Total  | Lumped  |  RC pi  | network | network |Annotated|
--------------------+---------+---------+---------+---------+---------+---------+
Internal nets       |         |         |         |         |         |         |
  - Pin to pin nets |   16477 |       0 |       0 |     348 |   16129 |       0 |
  - Driverless nets |       0 |       0 |       0 |       0 |       0 |       0 |
  - Loadless nets   |     366 |       0 |       0 |       0 |       0 |     366 |
--------------------+---------+---------+---------+---------+---------+---------+
Boundary/port nets  |         |         |         |         |         |         |
  - Pin to pin nets |     628 |       0 |       0 |      15 |     560 |      53 |
  - Driverless nets |       0 |       0 |       0 |       0 |       0 |       0 |
  - Loadless nets   |      33 |       0 |       0 |       0 |       0 |      33 |
--------------------+---------+---------+---------+---------+---------+---------+
                    |   17504 |       0 |       0 |     363 |   16689 |     452 |

